<?xml version="1.0" encoding="UTF-8"?>
<!-- Generated by org.testng.reporters.JUnitReportReporter -->
<testsuite hostname="DESKTOP-L24NCKJ" failures="0" tests="1" name="com.testng.attributes.InvocationCountAndTimeOut" time="7.397" errors="0" timestamp="13 Oct 2023 00:09:44 GMT" skipped="0">
  <testcase classname="com.testng.attributes.InvocationCountAndTimeOut" name="searchJava" time="7.397"/>
</testsuite> <!-- com.testng.attributes.InvocationCountAndTimeOut -->
