<?xml version="1.0" encoding="UTF-8"?>
<!-- Generated by org.testng.reporters.JUnitReportReporter -->
<testsuite hostname="DESKTOP-L24NCKJ" failures="0" tests="3" name="com.testng.crossbrowser.parallel.CrossBrowser" time="42.781" errors="0" timestamp="19 Oct 2023 00:08:21 GMT" skipped="0">
  <testcase classname="com.testng.crossbrowser.parallel.CrossBrowser" name="adactinLogin" time="13.645"/>
  <testcase classname="com.testng.crossbrowser.parallel.CrossBrowser" name="adactinLogin" time="11.783"/>
  <testcase classname="com.testng.crossbrowser.parallel.CrossBrowser" name="adactinLogin" time="17.353"/>
</testsuite> <!-- com.testng.crossbrowser.parallel.CrossBrowser -->
