<?xml version="1.0" encoding="UTF-8"?>
<!-- Generated by org.testng.reporters.JUnitReportReporter -->
<testsuite hostname="DESKTOP-L24NCKJ" failures="0" tests="3" name="com.testng.attributes.EnabledAndDescription" time="0.005" errors="0" timestamp="12 Oct 2023 23:45:27 GMT" skipped="1">
  <testcase classname="com.testng.attributes.EnabledAndDescription" name="testa" time="0.002"/>
  <testcase classname="com.testng.attributes.EnabledAndDescription" name="validateProductPriceInPDPAndCart" time="0.003"/>
  <testcase classname="com.testng.attributes.EnabledAndDescription" name="testb">
    <skipped/>
  </testcase> <!-- testb -->
</testsuite> <!-- com.testng.attributes.EnabledAndDescription -->
