<?xml version="1.0" encoding="UTF-8"?>
<!-- Generated by org.testng.reporters.JUnitReportReporter -->
<testsuite hostname="DESKTOP-L24NCKJ" failures="0" tests="4" name="com.testng.crossbrowser.parallel.ParallelTest" time="37.917" errors="0" timestamp="19 Oct 2023 00:19:27 GMT" skipped="0">
  <testcase classname="com.testng.crossbrowser.parallel.ParallelTest" name="adactinLoginWithInValidUserAndInValidPwd" time="10.317"/>
  <testcase classname="com.testng.crossbrowser.parallel.ParallelTest" name="adactinLoginWithInValidUserAndValidPwd" time="9.929"/>
  <testcase classname="com.testng.crossbrowser.parallel.ParallelTest" name="adactinLoginWithValidUserAndInValidPwd" time="10.804"/>
  <testcase classname="com.testng.crossbrowser.parallel.ParallelTest" name="adactinLoginWithValidUserAndValidPwd" time="6.867"/>
</testsuite> <!-- com.testng.crossbrowser.parallel.ParallelTest -->
