<?xml version="1.0" encoding="UTF-8"?>
<!-- Generated by org.testng.reporters.JUnitReportReporter -->
<testsuite hostname="DESKTOP-L24NCKJ" failures="0" tests="1" name="com.sample.testng.SampleAnnotations" time="0.012" errors="0" timestamp="08 Oct 2023 02:35:00 GMT" skipped="0">
  <testcase classname="com.sample.testng.SampleAnnotations" name="testMethod" time="0.012"/>
</testsuite> <!-- com.sample.testng.SampleAnnotations -->
